N E X T F L O W  ~  version 23.04.3
Launching `./main.nf` [happy_shirley] DSL2 - revision: 8391eded49
WARN: The following invalid input values have been detected:

* --prefix_hisat: hisat_index
* --custom_config_base: .
* --config_profile_description: Pawsey Setonix HPC profile provided by nf-core/configs
* --config_profile_contact: Sarah Beecroft (@SarahBeecroft), Georgie Samaha (@georgiesamaha)
* --config_profile_url: https://support.pawsey.org.au/documentation/display/US/Setonix+User+Guide


Core Nextflow options
  runName        : happy_shirley
  containerEngine: singularity
  container      : library://kristinagagalova/default/qcflow-rnaseq:v0.0.8
  launchDir      : /scratch/y95/kgagalova/barley/barley_rnaseq/alignments/alignments/hisat/qcflow-rnaseq
  workDir        : /scratch/y95/kgagalova/barley/barley_rnaseq/alignments/alignments/hisat/qcflow-rnaseq/work
  projectDir     : /scratch/y95/kgagalova/barley/barley_rnaseq/alignments/alignments/hisat/qcflow-rnaseq
  userName       : kgagalova
  profile        : singularity,pawsey_setonix
  configFiles    : 

Input/output options
  workflow       : align
  aligner        : hisat
  genome         : /scratch/y95/kgagalova/barley/barley_rnaseq/barley_reference/Morex/genome/Morex_pseudomolecules_v2.fasta
  genes          : /scratch/y95/kgagalova/barley/barley_rnaseq/barley_reference/Morex/annotation/Morex.gtf
  fastq_dir      : /scratch/y95/kgagalova/barley/barley_rnaseq/trimmed_reads/reads_Mor/*filt_R{1,2}.fastq.gz

Fastp parameters
  qual_phred     : 20

STAR index
  sjOverhang     : 149

Max job request options
  max_cpus       : 64
  max_memory     : 230 GB

Other parameters
  library_name   : 1,6
  index_dir      : /scratch/y95/kgagalova/barley/barley_rnaseq/alignments/indices/hisat/Mor/hisat_index

!! Only displaying parameters that differ from the pipeline defaults !!
------------------------------------------------------
WARN: Access to undefined parameter `hisat_prefix` -- Initialise it to a default value eg. `params.hisat_prefix = some_value`
Missing process or function convert_bed()

 -- Check script 'main.nf' at line: 259 or see '.nextflow.log' file for more details
